Android/app/build/intermediates/manifest_merge_blame_file/debug/manifest-merger-blame-debug-report.txt
1<?xml version="1.0" encoding="utf-8"?>
2<manifest xmlns:android="http://schemas.android.com/apk/res/android"
3    package="com.example.kutallimentapp"
4    android:versionCode="1"
5    android:versionName="1.0" >
6
7    <uses-sdk
8        android:minSdkVersion="26"
8-->src/main/AndroidManifest.xml
9        android:targetSdkVersion="32" />
9-->src/main/AndroidManifest.xml
10
11    <uses-permission android:name="android.permission.BLUETOOTH_CONNECT" />
11-->src/main/AndroidManifest.xml:5:5-76
11-->src/main/AndroidManifest.xml:5:22-73
12
13    <application
13-->src/main/AndroidManifest.xml:6:5-40:19
14        android:allowBackup="true"
14-->src/main/AndroidManifest.xml:7:9-35
15        android:appComponentFactory="androidx.core.app.CoreComponentFactory"
15-->[androidx.core:core:1.7.0] AndroidManifest.xml:24:18-86
16        android:dataExtractionRules="@xml/data_extraction_rules"
16-->src/main/AndroidManifest.xml:8:9-65
17        android:debuggable="true"
18        android:extractNativeLibs="false"
19        android:fullBackupContent="@xml/backup_rules"
19-->src/main/AndroidManifest.xml:9:9-54
20        android:icon="@mipmap/ic_launcher"
20-->src/main/AndroidManifest.xml:10:9-43
21        android:label="@string/app_name"
21-->src/main/AndroidManifest.xml:11:9-41
22        android:roundIcon="@mipmap/ic_launcher_round"
22-->src/main/AndroidManifest.xml:12:9-54
23        android:supportsRtl="true"
23-->src/main/AndroidManifest.xml:13:9-35
24        android:theme="@style/Theme.KutallimentApp" >
24-->src/main/AndroidManifest.xml:14:9-52
25        <activity
25-->src/main/AndroidManifest.xml:16:9-26:20
26            android:name="com.example.kutallimentapp.MainActivity"
26-->src/main/AndroidManifest.xml:17:13-41
27            android:exported="true" >
27-->src/main/AndroidManifest.xml:18:13-36
28            <intent-filter>
28-->src/main/AndroidManifest.xml:19:13-21:29
29                <action android:name="android.intent.action.MAIN" />
29-->src/main/AndroidManifest.xml:20:17-69
29-->src/main/AndroidManifest.xml:20:25-66
30            </intent-filter>
31
32            <meta-data
32-->src/main/AndroidManifest.xml:23:13-25:36
33                android:name="android.app.lib_name"
33-->src/main/AndroidManifest.xml:24:17-52
34                android:value="" />
34-->src/main/AndroidManifest.xml:25:17-33
35        </activity>
36        <activity
36-->src/main/AndroidManifest.xml:27:9-39:20
37            android:name="com.example.kutallimentapp.LoginActivity"
37-->src/main/AndroidManifest.xml:28:13-42
38            android:exported="true" >
38-->src/main/AndroidManifest.xml:29:13-36
39            <intent-filter>
39-->src/main/AndroidManifest.xml:30:13-34:29
40                <action android:name="android.intent.action.MAIN" />
40-->src/main/AndroidManifest.xml:20:17-69
40-->src/main/AndroidManifest.xml:20:25-66
41
42                <category android:name="android.intent.category.LAUNCHER" />
42-->src/main/AndroidManifest.xml:33:17-76
42-->src/main/AndroidManifest.xml:33:27-74
43            </intent-filter>
44
45            <meta-data
45-->src/main/AndroidManifest.xml:23:13-25:36
46                android:name="android.app.lib_name"
46-->src/main/AndroidManifest.xml:24:17-52
47                android:value="" />
47-->src/main/AndroidManifest.xml:25:17-33
48        </activity>
49
50        <provider
50-->[androidx.emoji2:emoji2:1.0.0] AndroidManifest.xml:26:9-34:20
51            android:name="androidx.startup.InitializationProvider"
51-->[androidx.emoji2:emoji2:1.0.0] AndroidManifest.xml:27:13-67
52            android:authorities="com.example.kutallimentapp.androidx-startup"
52-->[androidx.emoji2:emoji2:1.0.0] AndroidManifest.xml:28:13-68
53            android:exported="false" >
53-->[androidx.emoji2:emoji2:1.0.0] AndroidManifest.xml:29:13-37
54            <meta-data
54-->[androidx.emoji2:emoji2:1.0.0] AndroidManifest.xml:31:13-33:52
55                android:name="androidx.emoji2.text.EmojiCompatInitializer"
55-->[androidx.emoji2:emoji2:1.0.0] AndroidManifest.xml:32:17-75
56                android:value="androidx.startup" />
56-->[androidx.emoji2:emoji2:1.0.0] AndroidManifest.xml:33:17-49
57            <meta-data
57-->[androidx.lifecycle:lifecycle-process:2.4.0] AndroidManifest.xml:31:13-33:52
58                android:name="androidx.lifecycle.ProcessLifecycleInitializer"
58-->[androidx.lifecycle:lifecycle-process:2.4.0] AndroidManifest.xml:32:17-78
59                android:value="androidx.startup" />
59-->[androidx.lifecycle:lifecycle-process:2.4.0] AndroidManifest.xml:33:17-49
60        </provider>
61    </application>
62
63</manifest>